{'batch_size': 10,
 'conv1': {'activation': True,
           'aggr': 'max',
           'depth': 1,
           'dropout': 0.2,
           'hasbias': True,
           'selfloops': True},
 'conv2': {'activation': False,
           'aggr': 'max',
           'depth': 1,
           'dropout': 0.1,
           'hasbias': True,
           'selfloops': False,
           'switch': True},
 'data_name': '20240115-105053',
 'device': 'cuda',
 'hidden_dim': 12,
 'learning_rate': 0.003,
 'ma_threshold': 0.01,
 'ma_window': 50,
 'max_epochs': 500,
 'num_jobs': 1,
 'out_folder': 'SimpleGC',
 'root_folder': 'computed',
 'save': True,
 'seed_name': 'seedSequence_p10',
 'test_share': 0.3,
 'weight_decay': 1e-08}
GCN(
  (conv1): SGConv(7, 12, K=1)
  (conv2): SGConv(12, 2, K=1)
)
