{'batch_size': 10,
 'conv1': {'activation': True,
           'aggr': 'mean',
           'depth': 2,
           'dropout': 0.1,
           'hasbias': True,
           'selfloops': True},
 'conv2': {'activation': True,
           'aggr': 'mean',
           'depth': 2,
           'dropout': 0.1,
           'hasbias': True,
           'hidden_dim': 300,
           'selfloops': True},
 'data_name': '20240115-105053',
 'device': 'cuda',
 'ma_threshold': 0.002,
 'ma_window': 100,
 'max_epochs': 300,
 'num_jobs': 1,
 'opt': {'dampening': 0,
         'learning_rate': 0.6,
         'momentum': 0,
         'name': 'sgd',
         'nesterov': False,
         'weight_decay': 1e-08},
 'out_folder': 'SimpleGC',
 'root_folder': 'computed',
 'save': True,
 'seed_name': 'seedSequence_p10',
 'test_share': 0.3}
GCN(
  (conv1): SGConv(7, 300, K=2)
  (conv2): SGConv(300, 2, K=2)
)
